<?xml version="1.0" encoding="UTF-8"?>
<!-- Generated by org.testng.reporters.JUnitXMLReporter -->
<testsuite hostname="EPMXGUAW0506" ignored="0" name="Default test" tests="2" failures="0" timestamp="23 ago 2019 21:01:45 GMT" time="25.366" errors="0">
  <testcase name="runScenario" time="25.144" classname="cucumber.api.testng.AbstractTestNGCucumberTests"/>
  <testcase name="runScenario" time="25.144" classname="cucumber.api.testng.AbstractTestNGCucumberTests"/>
</testsuite> <!-- Default test -->
