<?xml version="1.0" encoding="UTF-8"?>
<testng-results skipped="0" failed="2" ignored="0" total="5" passed="3">
  <reporter-output>
  </reporter-output>
  <suite name="Suite" duration-ms="51622" started-at="2019-11-07T10:42:14 CST" finished-at="2019-11-07T10:43:06 CST">
    <groups>
    </groups>
    <test name="Test" duration-ms="51622" started-at="2019-11-07T10:42:14 CST" finished-at="2019-11-07T10:43:06 CST">
      <class name="com.testautomation.TestRunner.TestRunner">
        <test-method status="PASS" signature="setUpClass()[pri:0, instance:com.testautomation.TestRunner.TestRunner@fe18270]" name="setUpClass" is-config="true" duration-ms="381" started-at="2019-11-07T10:42:14 CST" finished-at="2019-11-07T10:42:15 CST">
          <reporter-output>
          </reporter-output>
        </test-method> <!-- setUpClass -->
        <test-method status="PASS" signature="feature(cucumber.api.testng.PickleEventWrapper, cucumber.api.testng.CucumberFeatureWrapper)[pri:0, instance:com.testautomation.TestRunner.TestRunner@fe18270]" name="feature" duration-ms="21137" started-at="2019-11-07T10:42:15 CST" data-provider="features" finished-at="2019-11-07T10:42:36 CST">
          <params>
            <param index="0">
              <value>
                <![CDATA["Add a simple note 2"]]>
              </value>
            </param>
            <param index="1">
              <value>
                <![CDATA["Galen Framework Outline"]]>
              </value>
            </param>
          </params>
          <reporter-output>
          </reporter-output>
        </test-method> <!-- feature -->
        <test-method status="FAIL" signature="feature(cucumber.api.testng.PickleEventWrapper, cucumber.api.testng.CucumberFeatureWrapper)[pri:0, instance:com.testautomation.TestRunner.TestRunner@fe18270]" name="feature" duration-ms="50776" started-at="2019-11-07T10:42:15 CST" data-provider="features" finished-at="2019-11-07T10:43:05 CST">
          <params>
            <param index="0">
              <value>
                <![CDATA["Add another note 2"]]>
              </value>
            </param>
            <param index="1">
              <value>
                <![CDATA["Galen Framework Outline"]]>
              </value>
            </param>
          </params>
          <exception class="java.lang.AssertionError">
            <message>
              <![CDATA[PRUEBA FALLO ASSERT TESTNG]]>
            </message>
            <full-stacktrace>
              <![CDATA[java.lang.AssertionError: PRUEBA FALLO ASSERT TESTNG
at org.testng.Assert.fail(Assert.java:97)
at com.testautomation.Listeners.ExtentReportListener.testStepHandle(ExtentReportListener.java:55)
at com.testautomation.StepDefinitions.LoginGalenFramework.i_validate_the_another_note(LoginGalenFramework.java:109)
at ✽.I validate the another note "Segundo Mensaje"(./features/GalenPageTesting.feature:47)
]]>
            </full-stacktrace>
          </exception> <!-- java.lang.AssertionError -->
          <reporter-output>
          </reporter-output>
        </test-method> <!-- feature -->
        <test-method status="PASS" signature="feature(cucumber.api.testng.PickleEventWrapper, cucumber.api.testng.CucumberFeatureWrapper)[pri:0, instance:com.testautomation.TestRunner.TestRunner@fe18270]" name="feature" duration-ms="21357" started-at="2019-11-07T10:42:15 CST" data-provider="features" finished-at="2019-11-07T10:42:36 CST">
          <params>
            <param index="0">
              <value>
                <![CDATA["Add a simple note 1"]]>
              </value>
            </param>
            <param index="1">
              <value>
                <![CDATA["Galen Framework Outline"]]>
              </value>
            </param>
          </params>
          <reporter-output>
          </reporter-output>
        </test-method> <!-- feature -->
        <test-method status="PASS" signature="feature(cucumber.api.testng.PickleEventWrapper, cucumber.api.testng.CucumberFeatureWrapper)[pri:0, instance:com.testautomation.TestRunner.TestRunner@fe18270]" name="feature" duration-ms="21214" started-at="2019-11-07T10:42:15 CST" data-provider="features" finished-at="2019-11-07T10:42:36 CST">
          <params>
            <param index="0">
              <value>
                <![CDATA["Add a simple note 3"]]>
              </value>
            </param>
            <param index="1">
              <value>
                <![CDATA["Galen Framework Outline"]]>
              </value>
            </param>
          </params>
          <reporter-output>
          </reporter-output>
        </test-method> <!-- feature -->
        <test-method status="FAIL" signature="feature(cucumber.api.testng.PickleEventWrapper, cucumber.api.testng.CucumberFeatureWrapper)[pri:0, instance:com.testautomation.TestRunner.TestRunner@fe18270]" name="feature" duration-ms="50939" started-at="2019-11-07T10:42:15 CST" data-provider="features" finished-at="2019-11-07T10:43:06 CST">
          <params>
            <param index="0">
              <value>
                <![CDATA["Add another note 1"]]>
              </value>
            </param>
            <param index="1">
              <value>
                <![CDATA["Galen Framework Outline"]]>
              </value>
            </param>
          </params>
          <exception class="java.lang.AssertionError">
            <message>
              <![CDATA[PRUEBA FALLO ASSERT TESTNG]]>
            </message>
            <full-stacktrace>
              <![CDATA[java.lang.AssertionError: PRUEBA FALLO ASSERT TESTNG
at org.testng.Assert.fail(Assert.java:97)
at com.testautomation.Listeners.ExtentReportListener.testStepHandle(ExtentReportListener.java:55)
at com.testautomation.StepDefinitions.LoginGalenFramework.i_validate_the_another_note(LoginGalenFramework.java:109)
at ✽.I validate the another note "Segundo Mensaje"(./features/GalenPageTesting.feature:38)
]]>
            </full-stacktrace>
          </exception> <!-- java.lang.AssertionError -->
          <reporter-output>
          </reporter-output>
        </test-method> <!-- feature -->
        <test-method status="PASS" signature="tearDownClass()[pri:0, instance:com.testautomation.TestRunner.TestRunner@fe18270]" name="tearDownClass" is-config="true" duration-ms="10" started-at="2019-11-07T10:43:06 CST" finished-at="2019-11-07T10:43:06 CST">
          <reporter-output>
          </reporter-output>
        </test-method> <!-- tearDownClass -->
      </class> <!-- com.testautomation.TestRunner.TestRunner -->
    </test> <!-- Test -->
  </suite> <!-- Suite -->
</testng-results>
